<?xml version="1.0" encoding="UTF-8"?>
<testng-results skipped="0" failed="0" ignored="0" total="1" passed="1">
  <reporter-output>
    <line>
      <![CDATA[<div style="display:block;margin-left:10px;"><div  class="teststeppass"><span class="teststeppass-label">T </span>Given user opens flipkart application</div><div  class="teststeppass"><span class="teststeppass-label">T </span>When user selects 'Sarees' from 'Women' section</div><div  class="teststeppass"><span class="teststeppass-label">T </span>And user choose flipkart Assured filter option</div><div  class="teststeppass"><span class="teststeppass-label">T </span>And user selects 'Price -- High to Low' filter option</div><div  class="teststeppass"><span class="teststeppass-label">T </span>Then user selects '0' product</div><div  class="teststeppass"><span class="teststeppass-label">T </span>And user enter the '560037' pin code</div><div  class="teststeppass"><span class="teststeppass-label">T </span>Then user select 'View Details' for verify</div></div>]]>
    </line>
  </reporter-output>
  <suite name="Ajita_flipkart.scenarios.suite1.bdd" duration-ms="16594" started-at="2018-01-01T09:11:20Z" finished-at="2018-01-01T09:11:36Z">
    <groups>
      <group name="SMOKE">
        <method signature="scenarios.suite1.bdd.SampleTest()[pri:1000, instance:com.qmetry.qaf.automation.step.client.Scenario@3e8]" name="SampleTest" class="com.qmetry.qaf.automation.step.client.Scenario"/>
      </group> <!-- SMOKE -->
    </groups>
    <test name="BDD Test" duration-ms="16594" started-at="2018-01-01T09:11:20Z" finished-at="2018-01-01T09:11:36Z">
      <class name="com.qmetry.qaf.automation.step.client.Scenario">
        <test-method status="PASS" signature="setupSuit(org.testng.ITestContext)[pri:0, instance:com.qmetry.qaf.automation.step.client.Scenario@3e8]" test-instance-name="SampleTest" name="setupSuit" is-config="true" duration-ms="32" started-at="2018-01-01T14:41:20Z" finished-at="2018-01-01T14:41:20Z">
          <params>
            <param index="0">
              <value>
                <![CDATA[org.testng.TestRunner@4b5a5ed1]]>
              </value>
            </param>
          </params>
          <reporter-output>
          </reporter-output>
        </test-method> <!-- setupSuit -->
        <test-method status="PASS" signature="setup(org.testng.ITestContext)[pri:0, instance:com.qmetry.qaf.automation.step.client.Scenario@3e8]" test-instance-name="SampleTest" name="setup" is-config="true" duration-ms="0" started-at="2018-01-01T14:41:20Z" finished-at="2018-01-01T14:41:20Z">
          <params>
            <param index="0">
              <value>
                <![CDATA[org.testng.TestRunner@4b5a5ed1]]>
              </value>
            </param>
          </params>
          <reporter-output>
          </reporter-output>
        </test-method> <!-- setup -->
        <test-method status="PASS" signature="setupTest(org.testng.ITestContext)[pri:0, instance:com.qmetry.qaf.automation.step.client.Scenario@3e8]" test-instance-name="SampleTest" name="setupTest" is-config="true" duration-ms="0" started-at="2018-01-01T14:41:20Z" finished-at="2018-01-01T14:41:20Z">
          <params>
            <param index="0">
              <value>
                <![CDATA[org.testng.TestRunner@4b5a5ed1]]>
              </value>
            </param>
          </params>
          <reporter-output>
          </reporter-output>
        </test-method> <!-- setupTest -->
        <test-method status="PASS" signature="SampleTest()[pri:1000, instance:com.qmetry.qaf.automation.step.client.Scenario@3e8]" test-instance-name="SampleTest" name="SampleTest" duration-ms="16445" started-at="2018-01-01T14:41:20Z" description="Sample Test Scenario" finished-at="2018-01-01T14:41:36Z">
          <reporter-output>
            <line>
              <![CDATA[<div style="display:block;margin-left:10px;"><div  class="teststeppass"><span class="teststeppass-label">T </span>Given user opens flipkart application</div><div  class="teststeppass"><span class="teststeppass-label">T </span>When user selects 'Sarees' from 'Women' section</div><div  class="teststeppass"><span class="teststeppass-label">T </span>And user choose flipkart Assured filter option</div><div  class="teststeppass"><span class="teststeppass-label">T </span>And user selects 'Price -- High to Low' filter option</div><div  class="teststeppass"><span class="teststeppass-label">T </span>Then user selects '0' product</div><div  class="teststeppass"><span class="teststeppass-label">T </span>And user enter the '560037' pin code</div><div  class="teststeppass"><span class="teststeppass-label">T </span>Then user select 'View Details' for verify</div></div>]]>
            </line>
          </reporter-output>
        </test-method> <!-- SampleTest -->
        <test-method status="PASS" signature="setupMethod(java.lang.reflect.Method, org.testng.ITestContext)[pri:0, instance:com.qmetry.qaf.automation.step.client.Scenario@3e8]" test-instance-name="SampleTest" name="setupMethod" is-config="true" duration-ms="0" started-at="2018-01-01T14:41:20Z" finished-at="2018-01-01T14:41:20Z">
          <params>
            <param index="0">
              <value>
                <![CDATA[public void com.qmetry.qaf.automation.step.client.Scenario.scenario()]]>
              </value>
            </param>
            <param index="1">
              <value>
                <![CDATA[org.testng.TestRunner@4b5a5ed1]]>
              </value>
            </param>
          </params>
          <reporter-output>
          </reporter-output>
        </test-method> <!-- setupMethod -->
        <test-method status="PASS" signature="afterMethod(org.testng.ITestContext, org.testng.ITestResult)[pri:0, instance:com.qmetry.qaf.automation.step.client.Scenario@3e8]" test-instance-name="SampleTest" name="afterMethod" is-config="true" duration-ms="1" started-at="2018-01-01T14:41:36Z" finished-at="2018-01-01T14:41:36Z">
          <params>
            <param index="0">
              <value>
                <![CDATA[org.testng.TestRunner@4b5a5ed1]]>
              </value>
            </param>
            <param index="1">
              <value>
                <![CDATA[[TestResult name=SampleTest status=SUCCESS method=scenarios.suite1.bdd.SampleTest()[pri:1000, instance:com.qmetry.qaf.automation.step.client.Scenario@3e8] output=<div style="display:block;margin-left:10px;"><div  class="teststeppass"><span class="teststeppass-label">T </span>Given user opens flipkart application</div><div  class="teststeppass"><span class="teststeppass-label">T </span>When user selects 'Sarees' from 'Women' section</div><div  class="teststeppass"><span class="teststeppass-label">T </span>And user choose flipkart Assured filter option</div><div  class="teststeppass"><span class="teststeppass-label">T </span>And user selects 'Price -- High to Low' filter option</div><div  class="teststeppass"><span class="teststeppass-label">T </span>Then user selects '0' product</div><div  class="teststeppass"><span class="teststeppass-label">T </span>And user enter the '560037' pin code</div><div  class="teststeppass"><span class="teststeppass-label">T </span>Then user select 'View Details' for verify</div></div>]]]>
              </value>
            </param>
          </params>
          <reporter-output>
          </reporter-output>
        </test-method> <!-- afterMethod -->
        <test-method status="PASS" signature="afterClass(org.testng.ITestContext)[pri:0, instance:com.qmetry.qaf.automation.step.client.Scenario@3e8]" test-instance-name="SampleTest" name="afterClass" is-config="true" duration-ms="1" started-at="2018-01-01T14:41:36Z" finished-at="2018-01-01T14:41:36Z">
          <params>
            <param index="0">
              <value>
                <![CDATA[org.testng.TestRunner@4b5a5ed1]]>
              </value>
            </param>
          </params>
          <reporter-output>
          </reporter-output>
        </test-method> <!-- afterClass -->
        <test-method status="PASS" signature="afterTest(org.testng.ITestContext)[pri:0, instance:com.qmetry.qaf.automation.step.client.Scenario@3e8]" test-instance-name="SampleTest" name="afterTest" is-config="true" duration-ms="71" started-at="2018-01-01T14:41:36Z" finished-at="2018-01-01T14:41:36Z">
          <params>
            <param index="0">
              <value>
                <![CDATA[org.testng.TestRunner@4b5a5ed1]]>
              </value>
            </param>
          </params>
          <reporter-output>
          </reporter-output>
        </test-method> <!-- afterTest -->
        <test-method status="PASS" signature="afterSuit(org.testng.ITestContext)[pri:0, instance:com.qmetry.qaf.automation.step.client.Scenario@3e8]" test-instance-name="SampleTest" name="afterSuit" is-config="true" duration-ms="2" started-at="2018-01-01T14:41:36Z" finished-at="2018-01-01T14:41:36Z">
          <params>
            <param index="0">
              <value>
                <![CDATA[org.testng.TestRunner@4b5a5ed1]]>
              </value>
            </param>
          </params>
          <reporter-output>
          </reporter-output>
        </test-method> <!-- afterSuit -->
      </class> <!-- com.qmetry.qaf.automation.step.client.Scenario -->
    </test> <!-- BDD Test -->
  </suite> <!-- Ajita_flipkart.scenarios.suite1.bdd -->
</testng-results>
